F:\PROJECTS\C\WORD_COUNT\VS2012\CORE\MANAGE.DIR\DEBUG\INITIALIZE.OBJ
F:\PROJECTS\C\WORD_COUNT\VS2012\CORE\MANAGE.DIR\DEBUG\FINALIZE.OBJ
F:\PROJECTS\C\WORD_COUNT\VS2012\CORE\MANAGE.DIR\DEBUG\DUMP_WORD.OBJ
F:\PROJECTS\C\WORD_COUNT\VS2012\CORE\MANAGE.DIR\DEBUG\ADD_WORD.OBJ
F:\PROJECTS\C\WORD_COUNT\VS2012\CORE\MANAGE.DIR\DEBUG\VC110.PDB
F:\PROJECTS\C\WORD_COUNT\VS2012\CORE\CMAKEFILES\GENERATE.STAMP
F:\PROJECTS\C\WORD_COUNT\VS2012\LIB\DEBUG\MANAGE.LIB
F:\projects\C\word_count\vs2012\core\manage.dir\Debug\add_word.obj
F:\projects\C\word_count\vs2012\core\manage.dir\Debug\dump_word.obj
F:\projects\C\word_count\vs2012\core\manage.dir\Debug\finalize.obj
F:\projects\C\word_count\vs2012\core\manage.dir\Debug\initialize.obj
F:\projects\C\word_count\vs2012\core\manage.dir\Debug\cl.command.1.tlog
F:\projects\C\word_count\vs2012\core\manage.dir\Debug\CL.read.1.tlog
F:\projects\C\word_count\vs2012\core\manage.dir\Debug\CL.write.1.tlog
F:\projects\C\word_count\vs2012\core\manage.dir\Debug\custombuild.command.1.tlog
F:\projects\C\word_count\vs2012\core\manage.dir\Debug\custombuild.read.1.tlog
F:\projects\C\word_count\vs2012\core\manage.dir\Debug\custombuild.write.1.tlog
F:\projects\C\word_count\vs2012\core\manage.dir\Debug\Lib-link.read.1.tlog
F:\projects\C\word_count\vs2012\core\manage.dir\Debug\Lib-link.write.1.tlog
F:\projects\C\word_count\vs2012\core\manage.dir\Debug\lib.command.1.tlog
F:\projects\C\word_count\vs2012\core\manage.dir\Debug\vc110.pdb
F:\projects\C\word_count\vs2012\lib\Debug\manage.lib
