生成启动时间为 2016/6/7 0:13:44。
     1>项目“F:\projects\C\word_count\vs2012\core\manage.vcxproj”在节点 2 上(Rebuild 个目标)。
     1>CustomBuild:
         Building Custom Rule F:/projects/C/word_count/core/CMakeLists.txt
         CMake does not need to re-run because F:\projects\C\word_count\vs2012\core\CMakeFiles\generate.stamp is up-to-date.
       ClCompile:
         D:\Program Files (x86)\Microsoft Visual Studio 11.0\VC\bin\x86_amd64\CL.exe /c /IF:\projects\C\word_count\core\.\include /IF:\projects\C\word_count\core\.\array\include /IF:\projects\C\word_count\core\.\get_word\include /Zi /nologo /W3 /WX- /Od /Ob0 /D WIN32 /D _WINDOWS /D _DEBUG /D "CMAKE_INTDIR=\"Debug\"" /D _MBCS /Gm- /RTC1 /MDd /GS /fp:precise /Zc:wchar_t /Zc:forScope /Fo"manage.dir\Debug\\" /Fd"manage.dir\Debug\vc110.pdb" /Gd /TC /errorReport:prompt F:\projects\C\word_count\core\array\src\add_word.c F:\projects\C\word_count\core\array\src\dump_word.c F:\projects\C\word_count\core\array\src\finalize.c F:\projects\C\word_count\core\array\src\initialize.c
         add_word.c
     1>F:\projects\C\word_count\core\array\src\add_word.c(27): warning C4996: 'strcpy': This function or variable may be unsafe. Consider using strcpy_s instead. To disable deprecation, use _CRT_SECURE_NO_WARNINGS. See online help for details.
                 D:\Program Files (x86)\Microsoft Visual Studio 11.0\VC\include\string.h(110) : 参见“strcpy”的声明
         dump_word.c
         finalize.c
         initialize.c
         正在生成代码...
       Lib:
         D:\Program Files (x86)\Microsoft Visual Studio 11.0\VC\bin\x86_amd64\Lib.exe /OUT:"F:\projects\C\word_count\vs2012\lib\Debug\manage.lib" /NOLOGO /MACHINE:X64  /machine:x64 manage.dir\Debug\add_word.obj
         manage.dir\Debug\dump_word.obj
         manage.dir\Debug\finalize.obj
         manage.dir\Debug\initialize.obj
         manage.vcxproj -> F:\projects\C\word_count\vs2012\lib\Debug\manage.lib
     1>已完成生成项目“F:\projects\C\word_count\vs2012\core\manage.vcxproj”(Rebuild 个目标)的操作。

生成成功。

已用时间 00:00:00.90
